<?xml version="1.0" encoding="UTF-8"?>
<!-- Generated by org.testng.reporters.JUnitReportReporter -->
<testsuite hostname="ADMIN-PC" failures="0" tests="1" name="Test01" time="10.319" errors="0" timestamp="31 Dec 2020 15:30:31 GMT">
  <testcase classname="Test01" name="verifyHomepageTitle" time="10.319"/>
</testsuite> <!-- Test01 -->
