<?xml version="1.0" encoding="UTF-8"?>
<!-- Generated by org.testng.reporters.JUnitReportReporter -->
<testsuite hostname="ADMIN-PC" failures="0" tests="1" name="Test01" time="9.595" errors="0" timestamp="31 Dec 2020 15:29:56 GMT">
  <testcase classname="Test01" name="verifyHomepageTitle" time="9.595"/>
</testsuite> <!-- Test01 -->
